#
# A fatal error has been detected by the Java Runtime Environment:
#
#  SIGSEGV (0xb) at pc=0x00000001023333a9, pid=5119, tid=16643
#
# JRE version: Java(TM) SE Runtime Environment (7.0_51-b13) (build 1.7.0_51-b13)
# Java VM: Java HotSpot(TM) 64-Bit Server VM (24.51-b03 mixed mode bsd-amd64 compressed oops)
# Problematic frame:
# V  [libjvm.dylib+0x3333a9]
#
# Failed to write core dump. Core dumps have been disabled. To enable core dumping, try "ulimit -c unlimited" before starting Java again
#
# If you would like to submit a bug report, please visit:
#   http://bugreport.sun.com/bugreport/crash.jsp
#

---------------  T H R E A D  ---------------

Current thread (0x00007fc22b826800):  JavaThread "JDWP Transport Listener: dt_socket" daemon [_thread_in_vm, id=16643, stack(0x000000010a576000,0x000000010a676000)]

siginfo:si_signo=SIGSEGV: si_errno=0, si_code=1 (SEGV_MAPERR), si_addr=0x000000007fc22c95

Registers:
RAX=0x00000001027705c0, RBX=0x000000010a675a8b, RCX=0x00000000001f8103, RDX=0x000000010a675a8b
RSP=0x000000010a6759f0, RBP=0x000000010a675a40, RSI=0x00007fc22b826800, RDI=0x00007fc22a7063e0
R8 =0x0000000000000001, R9 =0x00007fc22c800000, R10=0x0000000000000020, R11=0x00007fc22c800000
R12=0x00007fc22b826800, R13=0x00007fc22c8d0002, R14=0x000000007fc22c8d, R15=0x00007fc22a7063e0
RIP=0x00000001023333a9, EFLAGS=0x0000000000010202, ERR=0x0000000000000004
  TRAPNO=0x000000000000000e

Top of Stack: (sp=0x000000010a6759f0)
0x000000010a6759f0:   00007fc22b826800 0000000000000000
0x000000010a675a00:   0000000000000000 0000000000000000
0x000000010a675a10:   00007fc22b826800 00007fc22b826800
0x000000010a675a20:   000000010a675a8b 000000010a675a90
0x000000010a675a30:   00007fc22c8d0002 0000000000000002
0x000000010a675a40:   000000010a675a60 0000000102ba61f8
0x000000010a675a50:   0000000000000001 000000010a675b08
0x000000010a675a60:   000000010a675ad0 0000000102b8b02b
0x000000010a675a70:   000000010a675aa0 00007fc22c8ddd60
0x000000010a675a80:   0000000300000032 0000000a00675b08
0x000000010a675a90:   0000000000000000 0000000000000000
0x000000010a675aa0:   0000000000000000 000000010a675c90
0x000000010a675ab0:   0000000102baddc0 00007fc22a658ae0
0x000000010a675ac0:   000000010a675b08 0000000102bb9578
0x000000010a675ad0:   000000010a675ae0 0000000102b8b124
0x000000010a675ae0:   000000010a675d00 0000000102b946b2
0x000000010a675af0:   00000a0b00000013 00000000000f0200
0x000000010a675b00:   00007fc22a628910 000000010a675c07
0x000000010a675b10:   00007fc20000007d 000000010a675b20
0x000000010a675b20:   00007fc2000000af 000000010a675b58
0x000000010a675b30:   0000000000000000 00007f0000000000
0x000000010a675b40:   00000a0b0000001c 00007fff00007080
0x000000010a675b50:   000000010a675b58 c27f000003000000
0x000000010a675b60:   06000000e0757a2a 00003e74696e693c
0x000000010a675b70:   0000005629280300 7f00000100000000
0x000000010a675b80:   000000c8698e2cc2 6f6e6e417361680d
0x000000010a675b90:   00006e6f69746174 6176616a4c281400
0x000000010a675ba0:   6c432f676e616c2f 00005a293b737361
0x000000010a675bb0:   6176616a4c285100 6c432f676e616c2f
0x000000010a675bc0:   2f65644c3c737361 622f6d7a74656964
0x000000010a675bd0:   6f746e69736b6f6f 7265732f73707061
0x000000010a675be0:   74752f7365636976 6f4e6f442f736c69 

Instructions: (pc=0x00000001023333a9)
0x0000000102333389:   49 39 c6 74 e7 4d 85 f6 74 e2 48 8d 05 f6 f8 4c
0x0000000102333399:   00 80 38 00 74 16 48 8d 05 1a d2 43 00 8a 48 08
0x00000001023333a9:   41 8b 7e 08 48 d3 e7 48 03 38 eb 04 49 8b 7e 08
0x00000001023333b9:   48 8b 47 10 48 83 c7 10 ff 90 20 01 00 00 84 c0 

Register to memory mapping:

RAX=0x00000001027705c0: _ZN8Universe11_narrow_oopE+0 in /Library/Java/JavaVirtualMachines/jdk1.7.0_51.jdk/Contents/Home/jre/lib/server/libjvm.dylib at 0x0000000102000000
RBX=0x000000010a675a8b is pointing into the stack for thread: 0x00007fc22b826800
RCX=0x00000000001f8103 is an unknown value
RDX=0x000000010a675a8b is pointing into the stack for thread: 0x00007fc22b826800
RSP=0x000000010a6759f0 is pointing into the stack for thread: 0x00007fc22b826800
RBP=0x000000010a675a40 is pointing into the stack for thread: 0x00007fc22b826800
RSI=0x00007fc22b826800 is a thread
RDI=0x00007fc22a7063e0 is an unknown value
R8 =0x0000000000000001 is an unknown value
R9 =0x00007fc22c800000 is an unknown value
R10=0x0000000000000020 is an unknown value
R11=0x00007fc22c800000 is an unknown value
R12=0x00007fc22b826800 is a thread
R13=0x00007fc22c8d0002 is an unknown value
R14=0x000000007fc22c8d is an unknown value
R15=0x00007fc22a7063e0 is an unknown value


Stack: [0x000000010a576000,0x000000010a676000],  sp=0x000000010a6759f0,  free space=1022k
Native frames: (J=compiled Java code, j=interpreted, Vv=VM code, C=native code)
V  [libjvm.dylib+0x3333a9]
C  [libjdwp.dylib+0x201f8]  isMethodSynthetic+0x63
C  [libjdwp.dylib+0x502b]  methods1+0x10b
C  [libjdwp.dylib+0x5124]  methodsWithGeneric+0xe
C  [libjdwp.dylib+0xe6b2]  debugLoop_run+0x1ce
C  [libjdwp.dylib+0x1f132]  attachThread+0x4d
V  [libjvm.dylib+0x373f9e]
V  [libjvm.dylib+0x4efb57]
V  [libjvm.dylib+0x4f125f]
V  [libjvm.dylib+0x41b1d6]
C  [libsystem_pthread.dylib+0x32fc]  _pthread_body+0x83
C  [libsystem_pthread.dylib+0x3279]  _pthread_body+0x0
C  [libsystem_pthread.dylib+0x14b1]  thread_start+0xd


---------------  P R O C E S S  ---------------

Java Threads: ( => current thread )
  0x00007fc22bc2e800 JavaThread "Thread-9" daemon [_thread_blocked, id=49255, stack(0x0000000110802000,0x0000000110902000)]
  0x00007fc22b4b2000 JavaThread "Thread-8" daemon [_thread_blocked, id=29867, stack(0x00000001106ff000,0x00000001107ff000)]
  0x00007fc22b9bf000 JavaThread "pool-2-thread-1" daemon [_thread_blocked, id=29475, stack(0x0000000110101000,0x0000000110201000)]
  0x00007fc22b3d3800 JavaThread "Timer-1" daemon [_thread_blocked, id=12043, stack(0x000000010fdf9000,0x000000010fef9000)]
  0x00007fc22b10d000 JavaThread "1479887066@qtp-534246269-1 - Acceptor0 SelectChannelConnector@127.0.0.1:8888" [_thread_in_native, id=36935, stack(0x000000010fad1000,0x000000010fbd1000)]
  0x00007fc22c1fa800 JavaThread "1788614694@qtp-534246269-0" [_thread_blocked, id=24619, stack(0x000000010c486000,0x000000010c586000)]
  0x00007fc22b88e800 JavaThread "Timer-0" daemon [_thread_blocked, id=40995, stack(0x000000010f30b000,0x000000010f40b000)]
  0x00007fc22c13d800 JavaThread "AppKit Thread" daemon [_thread_in_native, id=1299, stack(0x00007fff5e4d0000,0x00007fff5e550000)]
  0x00007fc22b0be800 JavaThread "Service Thread" daemon [_thread_blocked, id=19203, stack(0x000000010ad39000,0x000000010ae39000)]
  0x00007fc22b0be000 JavaThread "C2 CompilerThread1" daemon [_thread_blocked, id=18691, stack(0x000000010ac36000,0x000000010ad36000)]
  0x00007fc22b0bd000 JavaThread "C2 CompilerThread0" daemon [_thread_blocked, id=18179, stack(0x000000010ab33000,0x000000010ac33000)]
  0x00007fc22b827000 JavaThread "JDWP Command Reader" daemon [_thread_in_native, id=17667, stack(0x000000010a77c000,0x000000010a87c000)]
  0x00007fc22c00b800 JavaThread "JDWP Event Helper Thread" daemon [_thread_blocked, id=17155, stack(0x000000010a679000,0x000000010a779000)]
=>0x00007fc22b826800 JavaThread "JDWP Transport Listener: dt_socket" daemon [_thread_in_vm, id=16643, stack(0x000000010a576000,0x000000010a676000)]
  0x00007fc22a828000 JavaThread "Signal Dispatcher" daemon [_thread_blocked, id=13335, stack(0x000000010a473000,0x000000010a573000)]
  0x00007fc22c021000 JavaThread "Finalizer" daemon [_thread_blocked, id=11523, stack(0x0000000108b29000,0x0000000108c29000)]
  0x00007fc22c01e800 JavaThread "Reference Handler" daemon [_thread_blocked, id=11011, stack(0x0000000108a26000,0x0000000108b26000)]
  0x00007fc22c000800 JavaThread "main" [_thread_blocked, id=4867, stack(0x0000000102a54000,0x0000000102b54000)]

Other Threads:
  0x00007fc22c01e000 VMThread [stack: 0x0000000108923000,0x0000000108a23000] [id=10499]
  0x00007fc22b0bf800 WatcherThread [stack: 0x000000010ae3c000,0x000000010af3c000] [id=19715]

VM state:not at safepoint (normal execution)

VM Mutex/Monitor currently owned by a thread: None

Heap
 PSYoungGen      total 76800K, used 61176K [0x00000007f5500000, 0x00000007fea00000, 0x0000000800000000)
  eden space 67584K, 81% used [0x00000007f5500000,0x00000007f8a9ba20,0x00000007f9700000)
  from space 9216K, 68% used [0x00000007f9700000,0x00000007f9d229d8,0x00000007fa000000)
  to   space 8704K, 0% used [0x00000007fe180000,0x00000007fe180000,0x00000007fea00000)
 ParOldGen       total 87040K, used 11944K [0x00000007e0000000, 0x00000007e5500000, 0x00000007f5500000)
  object space 87040K, 13% used [0x00000007e0000000,0x00000007e0baa388,0x00000007e5500000)
 PSPermGen       total 29696K, used 29291K [0x00000007dae00000, 0x00000007dcb00000, 0x00000007e0000000)
  object space 29696K, 98% used [0x00000007dae00000,0x00000007dca9af28,0x00000007dcb00000)

Card table byte_map: [0x0000000105cc5000,0x0000000105def000] byte_map_base: 0x0000000101dee000

Polling page: 0x00000001017d2000

Code Cache  [0x0000000102c05000, 0x0000000102e75000, 0x0000000105c05000)
 total_blobs=832 nmethods=488 adapters=306 free_code_cache=46801Kb largest_free_block=47846400

Compilation events (10 events):
Event: 20.079 Thread 0x00007fc22b0be000 nmethod 511 0x0000000102e19490 code [0x0000000102e195e0, 0x0000000102e19878]
Event: 20.079 Thread 0x00007fc22b0be000  512  s          sun.misc.PerfCounter::get (9 bytes)
Event: 20.081 Thread 0x00007fc22b0be000 nmethod 512 0x0000000102e18f90 code [0x0000000102e190e0, 0x0000000102e19358]
Event: 20.158 Thread 0x00007fc22b0bd000 nmethod 493 0x0000000102e56250 code [0x0000000102e56b80, 0x0000000102e5da88]
Event: 20.161 Thread 0x00007fc22b0be000  513  s          java.lang.StringBuffer::append (8 bytes)
Event: 20.163 Thread 0x00007fc22b0be000 nmethod 513 0x0000000102e4e790 code [0x0000000102e4e8e0, 0x0000000102e4ec08]
Event: 20.165 Thread 0x00007fc22b0bd000  514   !         java.util.zip.Inflater::inflate (113 bytes)
Event: 20.169 Thread 0x00007fc22b0bd000 nmethod 514 0x0000000102e49410 code [0x0000000102e49580, 0x0000000102e49a48]
Event: 20.244 Thread 0x00007fc22b0be000  516             com.google.appengine.repackaged.org.objectweb.asm.MethodWriter::visitCode (1 bytes)
Event: 20.244 Thread 0x00007fc22b0be000 nmethod 516 0x0000000102e4ecd0 code [0x0000000102e4ee00, 0x0000000102e4ee58]

GC Heap History (10 events):
Event: 12.496 GC heap before
{Heap before GC invocations=3 (full 0):
 PSYoungGen      total 38912K, used 38911K [0x00000007f5500000, 0x00000007f8000000, 0x0000000800000000)
  eden space 33792K, 100% used [0x00000007f5500000,0x00000007f7600000,0x00000007f7600000)
  from space 5120K, 99% used [0x00000007f7b00000,0x00000007f7fffc78,0x00000007f8000000)
  to   space 5120K, 0% used [0x00000007f7600000,0x00000007f7600000,0x00000007f7b00000)
 ParOldGen       total 87040K, used 1528K [0x00000007e0000000, 0x00000007e5500000, 0x00000007f5500000)
  object space 87040K, 1% used [0x00000007e0000000,0x00000007e017e120,0x00000007e5500000)
 PSPermGen       total 21504K, used 15862K [0x00000007dae00000, 0x00000007dc300000, 0x00000007e0000000)
  object space 21504K, 73% used [0x00000007dae00000,0x00000007dbd7d830,0x00000007dc300000)
Event: 12.507 GC heap after
Heap after GC invocations=3 (full 0):
 PSYoungGen      total 38912K, used 5104K [0x00000007f5500000, 0x00000007f8000000, 0x0000000800000000)
  eden space 33792K, 0% used [0x00000007f5500000,0x00000007f5500000,0x00000007f7600000)
  from space 5120K, 99% used [0x00000007f7600000,0x00000007f7afc040,0x00000007f7b00000)
  to   space 5120K, 0% used [0x00000007f7b00000,0x00000007f7b00000,0x00000007f8000000)
 ParOldGen       total 87040K, used 4867K [0x00000007e0000000, 0x00000007e5500000, 0x00000007f5500000)
  object space 87040K, 5% used [0x00000007e0000000,0x00000007e04c0f48,0x00000007e5500000)
 PSPermGen       total 21504K, used 15862K [0x00000007dae00000, 0x00000007dc300000, 0x00000007e0000000)
  object space 21504K, 73% used [0x00000007dae00000,0x00000007dbd7d830,0x00000007dc300000)
}
Event: 12.956 GC heap before
{Heap before GC invocations=4 (full 0):
 PSYoungGen      total 38912K, used 38896K [0x00000007f5500000, 0x00000007f8000000, 0x0000000800000000)
  eden space 33792K, 100% used [0x00000007f5500000,0x00000007f7600000,0x00000007f7600000)
  from space 5120K, 99% used [0x00000007f7600000,0x00000007f7afc040,0x00000007f7b00000)
  to   space 5120K, 0% used [0x00000007f7b00000,0x00000007f7b00000,0x00000007f8000000)
 ParOldGen       total 87040K, used 4867K [0x00000007e0000000, 0x00000007e5500000, 0x00000007f5500000)
  object space 87040K, 5% used [0x00000007e0000000,0x00000007e04c0f48,0x00000007e5500000)
 PSPermGen       total 21504K, used 17266K [0x00000007dae00000, 0x00000007dc300000, 0x00000007e0000000)
  object space 21504K, 80% used [0x00000007dae00000,0x00000007dbedc8c0,0x00000007dc300000)
Event: 12.965 GC heap after
Heap after GC invocations=4 (full 0):
 PSYoungGen      total 38912K, used 5088K [0x00000007f5500000, 0x00000007f8000000, 0x0000000800000000)
  eden space 33792K, 0% used [0x00000007f5500000,0x00000007f5500000,0x00000007f7600000)
  from space 5120K, 99% used [0x00000007f7b00000,0x00000007f7ff8050,0x00000007f8000000)
  to   space 5120K, 0% used [0x00000007f7600000,0x00000007f7600000,0x00000007f7b00000)
 ParOldGen       total 87040K, used 7062K [0x00000007e0000000, 0x00000007e5500000, 0x00000007f5500000)
  object space 87040K, 8% used [0x00000007e0000000,0x00000007e06e5b50,0x00000007e5500000)
 PSPermGen       total 21504K, used 17266K [0x00000007dae00000, 0x00000007dc300000, 0x00000007e0000000)
  object space 21504K, 80% used [0x00000007dae00000,0x00000007dbedc8c0,0x00000007dc300000)
}
Event: 13.565 GC heap before
{Heap before GC invocations=5 (full 0):
 PSYoungGen      total 38912K, used 38880K [0x00000007f5500000, 0x00000007f8000000, 0x0000000800000000)
  eden space 33792K, 100% used [0x00000007f5500000,0x00000007f7600000,0x00000007f7600000)
  from space 5120K, 99% used [0x00000007f7b00000,0x00000007f7ff8050,0x00000007f8000000)
  to   space 5120K, 0% used [0x00000007f7600000,0x00000007f7600000,0x00000007f7b00000)
 ParOldGen       total 87040K, used 7062K [0x00000007e0000000, 0x00000007e5500000, 0x00000007f5500000)
  object space 87040K, 8% used [0x00000007e0000000,0x00000007e06e5b50,0x00000007e5500000)
 PSPermGen       total 21504K, used 19596K [0x00000007dae00000, 0x00000007dc300000, 0x00000007e0000000)
  object space 21504K, 91% used [0x00000007dae00000,0x00000007dc1231d8,0x00000007dc300000)
Event: 13.579 GC heap after
Heap after GC invocations=5 (full 0):
 PSYoungGen      total 38912K, used 5104K [0x00000007f5500000, 0x00000007fa900000, 0x0000000800000000)
  eden space 33792K, 0% used [0x00000007f5500000,0x00000007f5500000,0x00000007f7600000)
  from space 5120K, 99% used [0x00000007f7600000,0x00000007f7afc040,0x00000007f7b00000)
  to   space 9216K, 0% used [0x00000007fa000000,0x00000007fa000000,0x00000007fa900000)
 ParOldGen       total 87040K, used 9476K [0x00000007e0000000, 0x00000007e5500000, 0x00000007f5500000)
  object space 87040K, 10% used [0x00000007e0000000,0x00000007e09413c0,0x00000007e5500000)
 PSPermGen       total 21504K, used 19596K [0x00000007dae00000, 0x00000007dc300000, 0x00000007e0000000)
  object space 21504K, 91% used [0x00000007dae00000,0x00000007dc1231d8,0x00000007dc300000)
}
Event: 14.287 GC heap before
{Heap before GC invocations=6 (full 0):
 PSYoungGen      total 38912K, used 38896K [0x00000007f5500000, 0x00000007fa900000, 0x0000000800000000)
  eden space 33792K, 100% used [0x00000007f5500000,0x00000007f7600000,0x00000007f7600000)
  from space 5120K, 99% used [0x00000007f7600000,0x00000007f7afc040,0x00000007f7b00000)
  to   space 9216K, 0% used [0x00000007fa000000,0x00000007fa000000,0x00000007fa900000)
 ParOldGen       total 87040K, used 9476K [0x00000007e0000000, 0x00000007e5500000, 0x00000007f5500000)
  object space 87040K, 10% used [0x00000007e0000000,0x00000007e09413c0,0x00000007e5500000)
 PSPermGen       total 21504K, used 20655K [0x00000007dae00000, 0x00000007dc300000, 0x00000007e0000000)
  object space 21504K, 96% used [0x00000007dae00000,0x00000007dc22bc40,0x00000007dc300000)
Event: 14.300 GC heap after
Heap after GC invocations=6 (full 0):
 PSYoungGen      total 76800K, used 6416K [0x00000007f5500000, 0x00000007fa900000, 0x0000000800000000)
  eden space 67584K, 0% used [0x00000007f5500000,0x00000007f5500000,0x00000007f9700000)
  from space 9216K, 69% used [0x00000007fa000000,0x00000007fa6442e0,0x00000007fa900000)
  to   space 9216K, 0% used [0x00000007f9700000,0x00000007f9700000,0x00000007fa000000)
 ParOldGen       total 87040K, used 9484K [0x00000007e0000000, 0x00000007e5500000, 0x00000007f5500000)
  object space 87040K, 10% used [0x00000007e0000000,0x00000007e09433c0,0x00000007e5500000)
 PSPermGen       total 21504K, used 20655K [0x00000007dae00000, 0x00000007dc300000, 0x00000007e0000000)
  object space 21504K, 96% used [0x00000007dae00000,0x00000007dc22bc40,0x00000007dc300000)
}
Event: 19.733 GC heap before
{Heap before GC invocations=7 (full 0):
 PSYoungGen      total 76800K, used 74000K [0x00000007f5500000, 0x00000007fa900000, 0x0000000800000000)
  eden space 67584K, 100% used [0x00000007f5500000,0x00000007f9700000,0x00000007f9700000)
  from space 9216K, 69% used [0x00000007fa000000,0x00000007fa6442e0,0x00000007fa900000)
  to   space 9216K, 0% used [0x00000007f9700000,0x00000007f9700000,0x00000007fa000000)
 ParOldGen       total 87040K, used 9484K [0x00000007e0000000, 0x00000007e5500000, 0x00000007f5500000)
  object space 87040K, 10% used [0x00000007e0000000,0x00000007e09433c0,0x00000007e5500000)
 PSPermGen       total 25600K, used 25156K [0x00000007dae00000, 0x00000007dc700000, 0x00000007e0000000)
  object space 25600K, 98% used [0x00000007dae00000,0x00000007dc6913f8,0x00000007dc700000)
Event: 19.751 GC heap after
Heap after GC invocations=7 (full 0):
 PSYoungGen      total 76800K, used 6282K [0x00000007f5500000, 0x00000007fea00000, 0x0000000800000000)
  eden space 67584K, 0% used [0x00000007f5500000,0x00000007f5500000,0x00000007f9700000)
  from space 9216K, 68% used [0x00000007f9700000,0x00000007f9d229d8,0x00000007fa000000)
  to   space 8704K, 0% used [0x00000007fe180000,0x00000007fe180000,0x00000007fea00000)
 ParOldGen       total 87040K, used 11944K [0x00000007e0000000, 0x00000007e5500000, 0x00000007f5500000)
  object space 87040K, 13% used [0x00000007e0000000,0x00000007e0baa388,0x00000007e5500000)
 PSPermGen       total 25600K, used 25156K [0x00000007dae00000, 0x00000007dc700000, 0x00000007e0000000)
  object space 25600K, 98% used [0x00000007dae00000,0x00000007dc6913f8,0x00000007dc700000)
}

Deoptimization events (10 events):
Event: 15.245 Thread 0x00007fc22c1fa800 Uncommon trap: reason=unreached action=reinterpret pc=0x0000000102d13428 method=java.util.Properties.getProperty(Ljava/lang/String;)Ljava/lang/String; @ 23
Event: 15.290 Thread 0x00007fc22c1fa800 Uncommon trap: reason=class_check action=maybe_recompile pc=0x0000000102cb5d1c method=java.util.regex.Pattern$BmpCharProperty.match(Ljava/util/regex/Matcher;ILjava/lang/CharSequence;)Z @ 11
Event: 19.677 Thread 0x00007fc22c1fa800 Uncommon trap: reason=range_check action=none pc=0x0000000102cde4ec method=sun.reflect.generics.parser.SignatureParser.current()C @ 34
Event: 19.678 Thread 0x00007fc22c1fa800 Uncommon trap: reason=range_check action=none pc=0x0000000102cde4ec method=sun.reflect.generics.parser.SignatureParser.current()C @ 34
Event: 20.027 Thread 0x00007fc22c1fa800 Uncommon trap: reason=class_check action=maybe_recompile pc=0x0000000102d3dc14 method=java.util.Collections$SynchronizedMap.get(Ljava/lang/Object;)Ljava/lang/Object; @ 12
Event: 20.027 Thread 0x00007fc22c1fa800 Uncommon trap: reason=class_check action=maybe_recompile pc=0x0000000102d3dc14 method=java.util.Collections$SynchronizedMap.get(Ljava/lang/Object;)Ljava/lang/Object; @ 12
Event: 20.028 Thread 0x00007fc22c1fa800 Uncommon trap: reason=class_check action=maybe_recompile pc=0x0000000102d3dc14 method=java.util.Collections$SynchronizedMap.get(Ljava/lang/Object;)Ljava/lang/Object; @ 12
Event: 20.029 Thread 0x00007fc22c1fa800 Uncommon trap: reason=class_check action=maybe_recompile pc=0x0000000102d3dc14 method=java.util.Collections$SynchronizedMap.get(Ljava/lang/Object;)Ljava/lang/Object; @ 12
Event: 20.061 Thread 0x00007fc22c1fa800 Uncommon trap: reason=unreached action=reinterpret pc=0x0000000102df6918 method=java.lang.Class.argumentTypesToString([Ljava/lang/Class;)Ljava/lang/String; @ 16
Event: 20.191 Thread 0x00007fc22b9bf000 Uncommon trap: reason=bimorphic action=maybe_recompile pc=0x0000000102db8208 method=java.util.AbstractList.listIterator()Ljava/util/ListIterator; @ 2

Internal exceptions (10 events):
Event: 20.325 Thread 0x00007fc22c1fa800 Threw 0x00000007f869cc80 at /HUDSON/workspace/7u-2-build-macosx-x86_64/jdk7u51/527/hotspot/src/share/vm/prims/jvm.cpp:1244
Event: 20.325 Thread 0x00007fc22c1fa800 Threw 0x00000007f86a19c0 at /HUDSON/workspace/7u-2-build-macosx-x86_64/jdk7u51/527/hotspot/src/share/vm/prims/jvm.cpp:1244
Event: 20.326 Thread 0x00007fc22c1fa800 Threw 0x00000007f86a4150 at /HUDSON/workspace/7u-2-build-macosx-x86_64/jdk7u51/527/hotspot/src/share/vm/prims/jvm.cpp:1244
Event: 20.326 Thread 0x00007fc22c1fa800 Threw 0x00000007f86a8c40 at /HUDSON/workspace/7u-2-build-macosx-x86_64/jdk7u51/527/hotspot/src/share/vm/prims/jvm.cpp:1244
Event: 20.326 Thread 0x00007fc22c1fa800 Threw 0x00000007f86ab160 at /HUDSON/workspace/7u-2-build-macosx-x86_64/jdk7u51/527/hotspot/src/share/vm/prims/jvm.cpp:1244
Event: 20.326 Thread 0x00007fc22c1fa800 Threw 0x00000007f86af888 at /HUDSON/workspace/7u-2-build-macosx-x86_64/jdk7u51/527/hotspot/src/share/vm/prims/jvm.cpp:1244
Event: 20.327 Thread 0x00007fc22c1fa800 Threw 0x00000007f86b18c0 at /HUDSON/workspace/7u-2-build-macosx-x86_64/jdk7u51/527/hotspot/src/share/vm/prims/jvm.cpp:1244
Event: 20.327 Thread 0x00007fc22c1fa800 Threw 0x00000007f86b57e8 at /HUDSON/workspace/7u-2-build-macosx-x86_64/jdk7u51/527/hotspot/src/share/vm/prims/jvm.cpp:1244
Event: 20.327 Thread 0x00007fc22c1fa800 Threw 0x00000007f86b8590 at /HUDSON/workspace/7u-2-build-macosx-x86_64/jdk7u51/527/hotspot/src/share/vm/prims/jvm.cpp:1244
Event: 43.215 Thread 0x00007fc22c1fa800 Threw 0x00000007f8774a90 at /HUDSON/workspace/7u-2-build-macosx-x86_64/jdk7u51/527/hotspot/src/share/vm/prims/jvm.cpp:1244

Events (10 events):
Event: 73.825 Executing VM operation: EnterInterpOnlyMode
Event: 73.825 Executing VM operation: EnterInterpOnlyMode done
Event: 73.825 Executing VM operation: GetCurrentLocation
Event: 73.825 Executing VM operation: GetCurrentLocation done
Event: 73.825 Executing VM operation: ChangeSingleStep
Event: 73.825 Executing VM operation: ChangeSingleStep done
Event: 73.826 Executing VM operation: ChangeSingleStep
Event: 73.826 Executing VM operation: ChangeSingleStep done
Event: 76.659 Executing VM operation: RedefineClasses
Event: 76.664 Executing VM operation: RedefineClasses done


Dynamic libraries:
0x0000000007605000 	/System/Library/Frameworks/Cocoa.framework/Versions/A/Cocoa
0x0000000007605000 	/System/Library/Frameworks/Security.framework/Versions/A/Security
0x0000000007605000 	/System/Library/Frameworks/ApplicationServices.framework/Versions/A/ApplicationServices
0x0000000007605000 	/usr/lib/libz.1.dylib
0x0000000007605000 	/usr/lib/libSystem.B.dylib
0x0000000007605000 	/usr/lib/libobjc.A.dylib
0x0000000007605000 	/System/Library/Frameworks/CoreFoundation.framework/Versions/A/CoreFoundation
0x0000000007605000 	/System/Library/Frameworks/Foundation.framework/Versions/C/Foundation
0x0000000007605000 	/System/Library/Frameworks/AppKit.framework/Versions/C/AppKit
0x0000000007605000 	/System/Library/Frameworks/CoreData.framework/Versions/A/CoreData
0x0000000007605000 	/System/Library/PrivateFrameworks/RemoteViewServices.framework/Versions/A/RemoteViewServices
0x0000000007605000 	/System/Library/PrivateFrameworks/UIFoundation.framework/Versions/A/UIFoundation
0x0000000007605000 	/System/Library/Frameworks/IOSurface.framework/Versions/A/IOSurface
0x0000000007605000 	/System/Library/Frameworks/AudioToolbox.framework/Versions/A/AudioToolbox
0x0000000007605000 	/System/Library/Frameworks/AudioUnit.framework/Versions/A/AudioUnit
0x0000000007605000 	/System/Library/PrivateFrameworks/DataDetectorsCore.framework/Versions/A/DataDetectorsCore
0x0000000007605000 	/System/Library/PrivateFrameworks/DesktopServicesPriv.framework/Versions/A/DesktopServicesPriv
0x0000000007605000 	/System/Library/Frameworks/Carbon.framework/Versions/A/Frameworks/HIToolbox.framework/Versions/A/HIToolbox
0x0000000007605000 	/System/Library/Frameworks/QuartzCore.framework/Versions/A/QuartzCore
0x0000000007605000 	/System/Library/Frameworks/Carbon.framework/Versions/A/Frameworks/SpeechRecognition.framework/Versions/A/SpeechRecognition
0x0000000007605000 	/usr/lib/libauto.dylib
0x0000000007605000 	/usr/lib/libicucore.A.dylib
0x0000000007605000 	/usr/lib/libxml2.2.dylib
0x0000000007605000 	/System/Library/PrivateFrameworks/CoreUI.framework/Versions/A/CoreUI
0x0000000007605000 	/System/Library/Frameworks/CoreAudio.framework/Versions/A/CoreAudio
0x0000000007605000 	/System/Library/Frameworks/DiskArbitration.framework/Versions/A/DiskArbitration
0x0000000007605000 	/usr/lib/liblangid.dylib
0x0000000007605000 	/System/Library/PrivateFrameworks/MultitouchSupport.framework/Versions/A/MultitouchSupport
0x0000000007605000 	/System/Library/Frameworks/IOKit.framework/Versions/A/IOKit
0x0000000007605000 	/usr/lib/libDiagnosticMessagesClient.dylib
0x0000000007605000 	/System/Library/Frameworks/CoreServices.framework/Versions/A/CoreServices
0x0000000007605000 	/System/Library/PrivateFrameworks/PerformanceAnalysis.framework/Versions/A/PerformanceAnalysis
0x0000000007605000 	/System/Library/PrivateFrameworks/GenerationalStorage.framework/Versions/A/GenerationalStorage
0x0000000007605000 	/System/Library/Frameworks/OpenGL.framework/Versions/A/OpenGL
0x0000000007605000 	/System/Library/PrivateFrameworks/Sharing.framework/Versions/A/Sharing
0x0000000007605000 	/System/Library/Frameworks/CoreGraphics.framework/Versions/A/CoreGraphics
0x0000000007605000 	/System/Library/Frameworks/CoreText.framework/Versions/A/CoreText
0x0000000007605000 	/System/Library/Frameworks/ImageIO.framework/Versions/A/ImageIO
0x0000000007605000 	/usr/lib/libextension.dylib
0x0000000007605000 	/System/Library/PrivateFrameworks/Backup.framework/Versions/A/Backup
0x0000000007605000 	/usr/lib/libarchive.2.dylib
0x0000000007605000 	/System/Library/Frameworks/CFNetwork.framework/Versions/A/CFNetwork
0x0000000007605000 	/System/Library/Frameworks/SystemConfiguration.framework/Versions/A/SystemConfiguration
0x0000000007605000 	/usr/lib/libCRFSuite.dylib
0x0000000007605000 	/usr/lib/libc++.1.dylib
0x0000000007605000 	/usr/lib/libc++abi.dylib
0x0000000007605000 	/usr/lib/system/libcache.dylib
0x0000000007605000 	/usr/lib/system/libcommonCrypto.dylib
0x0000000007605000 	/usr/lib/system/libcompiler_rt.dylib
0x0000000007605000 	/usr/lib/system/libcopyfile.dylib
0x0000000007605000 	/usr/lib/system/libcorecrypto.dylib
0x0000000007605000 	/usr/lib/system/libdispatch.dylib
0x0000000007605000 	/usr/lib/system/libdyld.dylib
0x0000000007605000 	/usr/lib/system/libkeymgr.dylib
0x0000000007605000 	/usr/lib/system/liblaunch.dylib
0x0000000007605000 	/usr/lib/system/libmacho.dylib
0x0000000007605000 	/usr/lib/system/libquarantine.dylib
0x0000000007605000 	/usr/lib/system/libremovefile.dylib
0x0000000007605000 	/usr/lib/system/libsystem_asl.dylib
0x0000000007605000 	/usr/lib/system/libsystem_blocks.dylib
0x0000000007605000 	/usr/lib/system/libsystem_c.dylib
0x0000000007605000 	/usr/lib/system/libsystem_configuration.dylib
0x0000000007605000 	/usr/lib/system/libsystem_coreservices.dylib
0x0000000007605000 	/usr/lib/system/libsystem_coretls.dylib
0x0000000007605000 	/usr/lib/system/libsystem_dnssd.dylib
0x0000000007605000 	/usr/lib/system/libsystem_info.dylib
0x0000000007605000 	/usr/lib/system/libsystem_kernel.dylib
0x0000000007605000 	/usr/lib/system/libsystem_m.dylib
0x0000000007605000 	/usr/lib/system/libsystem_malloc.dylib
0x0000000007605000 	/usr/lib/system/libsystem_network.dylib
0x0000000007605000 	/usr/lib/system/libsystem_networkextension.dylib
0x0000000007605000 	/usr/lib/system/libsystem_notify.dylib
0x0000000007605000 	/usr/lib/system/libsystem_platform.dylib
0x0000000007605000 	/usr/lib/system/libsystem_pthread.dylib
0x0000000007605000 	/usr/lib/system/libsystem_sandbox.dylib
0x0000000007605000 	/usr/lib/system/libsystem_secinit.dylib
0x0000000007605000 	/usr/lib/system/libsystem_stats.dylib
0x0000000007605000 	/usr/lib/system/libsystem_trace.dylib
0x0000000007605000 	/usr/lib/system/libunc.dylib
0x0000000007605000 	/usr/lib/system/libunwind.dylib
0x0000000007605000 	/usr/lib/system/libxpc.dylib
0x0000000007605000 	/usr/lib/libbz2.1.0.dylib
0x0000000007605000 	/usr/lib/liblzma.5.dylib
0x0000000007605000 	/usr/lib/libbsm.0.dylib
0x0000000007605000 	/usr/lib/libsqlite3.dylib
0x0000000007605000 	/usr/lib/system/libkxld.dylib
0x0000000007605000 	/usr/lib/libxar.1.dylib
0x0000000007605000 	/usr/lib/libpam.2.dylib
0x0000000007605000 	/usr/lib/libOpenScriptingUtil.dylib
0x0000000007605000 	/System/Library/Frameworks/CoreServices.framework/Versions/A/Frameworks/FSEvents.framework/Versions/A/FSEvents
0x0000000007605000 	/System/Library/Frameworks/CoreServices.framework/Versions/A/Frameworks/CarbonCore.framework/Versions/A/CarbonCore
0x0000000007605000 	/System/Library/Frameworks/CoreServices.framework/Versions/A/Frameworks/Metadata.framework/Versions/A/Metadata
0x0000000007605000 	/System/Library/Frameworks/CoreServices.framework/Versions/A/Frameworks/OSServices.framework/Versions/A/OSServices
0x0000000007605000 	/System/Library/Frameworks/CoreServices.framework/Versions/A/Frameworks/SearchKit.framework/Versions/A/SearchKit
0x0000000007605000 	/System/Library/Frameworks/CoreServices.framework/Versions/A/Frameworks/AE.framework/Versions/A/AE
0x0000000007605000 	/System/Library/Frameworks/CoreServices.framework/Versions/A/Frameworks/LaunchServices.framework/Versions/A/LaunchServices
0x0000000007605000 	/System/Library/Frameworks/CoreServices.framework/Versions/A/Frameworks/DictionaryServices.framework/Versions/A/DictionaryServices
0x0000000007605000 	/System/Library/Frameworks/NetFS.framework/Versions/A/NetFS
0x0000000007605000 	/System/Library/PrivateFrameworks/NetAuth.framework/Versions/A/NetAuth
0x0000000007605000 	/System/Library/PrivateFrameworks/login.framework/Versions/A/Frameworks/loginsupport.framework/Versions/A/loginsupport
0x0000000007605000 	/System/Library/PrivateFrameworks/TCC.framework/Versions/A/TCC
0x0000000007605000 	/usr/lib/libmecabra.dylib
0x0000000007605000 	/System/Library/PrivateFrameworks/LanguageModeling.framework/Versions/A/LanguageModeling
0x0000000007605000 	/usr/lib/libcmph.dylib
0x0000000007605000 	/usr/lib/libiconv.2.dylib
0x0000000007605000 	/System/Library/Frameworks/OpenDirectory.framework/Versions/A/Frameworks/CFOpenDirectory.framework/Versions/A/CFOpenDirectory
0x0000000007605000 	/System/Library/Frameworks/ServiceManagement.framework/Versions/A/ServiceManagement
0x0000000007605000 	/usr/lib/libxslt.1.dylib
0x0000000007605000 	/System/Library/Frameworks/Carbon.framework/Versions/A/Frameworks/Ink.framework/Versions/A/Ink
0x0000000007605000 	/System/Library/Frameworks/ApplicationServices.framework/Versions/A/Frameworks/ATS.framework/Versions/A/ATS
0x0000000007605000 	/System/Library/Frameworks/ApplicationServices.framework/Versions/A/Frameworks/ColorSync.framework/Versions/A/ColorSync
0x0000000007605000 	/System/Library/Frameworks/ApplicationServices.framework/Versions/A/Frameworks/HIServices.framework/Versions/A/HIServices
0x0000000007605000 	/System/Library/Frameworks/ApplicationServices.framework/Versions/A/Frameworks/LangAnalysis.framework/Versions/A/LangAnalysis
0x0000000007605000 	/System/Library/Frameworks/ApplicationServices.framework/Versions/A/Frameworks/PrintCore.framework/Versions/A/PrintCore
0x0000000007605000 	/System/Library/Frameworks/ApplicationServices.framework/Versions/A/Frameworks/QD.framework/Versions/A/QD
0x0000000007605000 	/System/Library/Frameworks/ApplicationServices.framework/Versions/A/Frameworks/SpeechSynthesis.framework/Versions/A/SpeechSynthesis
0x0000000007605000 	/System/Library/Frameworks/Accelerate.framework/Versions/A/Accelerate
0x0000000007605000 	/System/Library/Frameworks/Accelerate.framework/Versions/A/Frameworks/vImage.framework/Versions/A/vImage
0x0000000007605000 	/System/Library/Frameworks/Accelerate.framework/Versions/A/Frameworks/vecLib.framework/Versions/A/vecLib
0x0000000007605000 	/System/Library/Frameworks/Accelerate.framework/Versions/A/Frameworks/vecLib.framework/Versions/A/libvDSP.dylib
0x0000000007605000 	/System/Library/Frameworks/Accelerate.framework/Versions/A/Frameworks/vecLib.framework/Versions/A/libvMisc.dylib
0x0000000007605000 	/System/Library/Frameworks/Accelerate.framework/Versions/A/Frameworks/vecLib.framework/Versions/A/libLAPACK.dylib
0x0000000007605000 	/System/Library/Frameworks/Accelerate.framework/Versions/A/Frameworks/vecLib.framework/Versions/A/libBLAS.dylib
0x0000000007605000 	/System/Library/Frameworks/Accelerate.framework/Versions/A/Frameworks/vecLib.framework/Versions/A/libLinearAlgebra.dylib
0x0000000007605000 	/System/Library/Frameworks/ApplicationServices.framework/Versions/A/Frameworks/ATS.framework/Versions/A/Resources/libFontParser.dylib
0x0000000007605000 	/System/Library/Frameworks/ApplicationServices.framework/Versions/A/Frameworks/ATS.framework/Versions/A/Resources/libFontRegistry.dylib
0x0000000007605000 	/System/Library/PrivateFrameworks/AppleVPA.framework/Versions/A/AppleVPA
0x0000000007605000 	/System/Library/PrivateFrameworks/AppleJPEG.framework/Versions/A/AppleJPEG
0x0000000007605000 	/System/Library/Frameworks/ImageIO.framework/Versions/A/Resources/libJPEG.dylib
0x0000000007605000 	/System/Library/Frameworks/ImageIO.framework/Versions/A/Resources/libTIFF.dylib
0x0000000007605000 	/System/Library/Frameworks/ImageIO.framework/Versions/A/Resources/libPng.dylib
0x0000000007605000 	/System/Library/Frameworks/ImageIO.framework/Versions/A/Resources/libGIF.dylib
0x0000000007605000 	/System/Library/Frameworks/ImageIO.framework/Versions/A/Resources/libJP2.dylib
0x0000000007605000 	/System/Library/Frameworks/ImageIO.framework/Versions/A/Resources/libRadiance.dylib
0x0000000007605000 	/System/Library/Frameworks/CoreVideo.framework/Versions/A/CoreVideo
0x0000000007605000 	/System/Library/Frameworks/OpenGL.framework/Versions/A/Libraries/libGLU.dylib
0x0000000007605000 	/System/Library/Frameworks/OpenGL.framework/Versions/A/Libraries/libGFXShared.dylib
0x0000000007605000 	/System/Library/Frameworks/OpenGL.framework/Versions/A/Libraries/libGL.dylib
0x0000000007605000 	/System/Library/Frameworks/OpenGL.framework/Versions/A/Libraries/libGLImage.dylib
0x0000000007605000 	/System/Library/Frameworks/OpenGL.framework/Versions/A/Libraries/libCVMSPluginSupport.dylib
0x0000000007605000 	/System/Library/Frameworks/OpenGL.framework/Versions/A/Libraries/libCoreVMClient.dylib
0x0000000007605000 	/usr/lib/libcups.2.dylib
0x0000000007605000 	/System/Library/Frameworks/Kerberos.framework/Versions/A/Kerberos
0x0000000007605000 	/System/Library/Frameworks/GSS.framework/Versions/A/GSS
0x0000000007605000 	/usr/lib/libresolv.9.dylib
0x0000000007605000 	/System/Library/PrivateFrameworks/Heimdal.framework/Versions/A/Heimdal
0x0000000007605000 	/usr/lib/libheimdal-asn1.dylib
0x0000000007605000 	/System/Library/Frameworks/OpenDirectory.framework/Versions/A/OpenDirectory
0x0000000007605000 	/System/Library/PrivateFrameworks/CommonAuth.framework/Versions/A/CommonAuth
0x0000000007605000 	/System/Library/Frameworks/SecurityFoundation.framework/Versions/A/SecurityFoundation
0x0000000007605000 	/System/Library/Frameworks/QuartzCore.framework/Versions/A/Frameworks/CoreImage.framework/Versions/A/CoreImage
0x0000000007605000 	/System/Library/PrivateFrameworks/CrashReporterSupport.framework/Versions/A/CrashReporterSupport
0x0000000007605000 	/System/Library/Frameworks/OpenCL.framework/Versions/A/OpenCL
0x0000000007605000 	/System/Library/PrivateFrameworks/FaceCore.framework/Versions/A/FaceCore
0x0000000007605000 	/System/Library/PrivateFrameworks/Ubiquity.framework/Versions/A/Ubiquity
0x0000000007605000 	/System/Library/PrivateFrameworks/IconServices.framework/Versions/A/IconServices
0x0000000007605000 	/System/Library/PrivateFrameworks/ChunkingLibrary.framework/Versions/A/ChunkingLibrary
0x0000000007605000 	/System/Library/PrivateFrameworks/Apple80211.framework/Versions/A/Apple80211
0x0000000007605000 	/System/Library/Frameworks/CoreWLAN.framework/Versions/A/CoreWLAN
0x0000000007605000 	/System/Library/Frameworks/IOBluetooth.framework/Versions/A/IOBluetooth
0x0000000007605000 	/System/Library/PrivateFrameworks/CoreWiFi.framework/Versions/A/CoreWiFi
0x0000000007605000 	/System/Library/Frameworks/CoreBluetooth.framework/Versions/A/CoreBluetooth
0x0000000007605000 	/System/Library/PrivateFrameworks/DebugSymbols.framework/Versions/A/DebugSymbols
0x0000000007605000 	/System/Library/PrivateFrameworks/CoreSymbolication.framework/Versions/A/CoreSymbolication
0x0000000007605000 	/System/Library/PrivateFrameworks/Symbolication.framework/Versions/A/Symbolication
0x0000000007605000 	/System/Library/PrivateFrameworks/SpeechRecognitionCore.framework/Versions/A/SpeechRecognitionCore
0x0000000102000000 	/Library/Java/JavaVirtualMachines/jdk1.7.0_51.jdk/Contents/Home/jre/lib/server/libjvm.dylib
0x0000000007605000 	/usr/lib/libstdc++.6.dylib
0x00000001017c5000 	/Library/Java/JavaVirtualMachines/jdk1.7.0_51.jdk/Contents/Home/jre/lib/libverify.dylib
0x0000000102b56000 	/Library/Java/JavaVirtualMachines/jdk1.7.0_51.jdk/Contents/Home/jre/lib/libjava.dylib
0x0000000102b86000 	/Library/Java/JavaVirtualMachines/jdk1.7.0_51.jdk/Contents/Home/jre/lib/libjdwp.dylib
0x00000001017d3000 	/Library/Java/JavaVirtualMachines/jdk1.7.0_51.jdk/Contents/Home/jre/lib/libnpt.dylib
0x00000001017d7000 	/Library/Java/JavaVirtualMachines/jdk1.7.0_51.jdk/Contents/Home/jre/lib/libinstrument.dylib
0x0000000102bfc000 	/Library/Java/JavaVirtualMachines/jdk1.7.0_51.jdk/Contents/Home/jre/lib/libzip.dylib
0x0000000108c2b000 	/System/Library/Frameworks/JavaVM.framework/Frameworks/JavaRuntimeSupport.framework/JavaRuntimeSupport
0x0000000108c43000 	/System/Library/Frameworks/JavaVM.framework/Versions/A/Frameworks/JavaNativeFoundation.framework/Versions/A/JavaNativeFoundation
0x0000000108c58000 	/System/Library/Frameworks/JavaVM.framework/Versions/A/JavaVM
0x0000000007605000 	/System/Library/Frameworks/Carbon.framework/Versions/A/Carbon
0x0000000108c65000 	/System/Library/PrivateFrameworks/JavaLaunching.framework/Versions/A/JavaLaunching
0x0000000007605000 	/System/Library/Frameworks/Carbon.framework/Versions/A/Frameworks/CommonPanels.framework/Versions/A/CommonPanels
0x0000000007605000 	/System/Library/Frameworks/Carbon.framework/Versions/A/Frameworks/Help.framework/Versions/A/Help
0x0000000007605000 	/System/Library/Frameworks/Carbon.framework/Versions/A/Frameworks/ImageCapture.framework/Versions/A/ImageCapture
0x0000000007605000 	/System/Library/Frameworks/Carbon.framework/Versions/A/Frameworks/OpenScripting.framework/Versions/A/OpenScripting
0x0000000007605000 	/System/Library/Frameworks/Carbon.framework/Versions/A/Frameworks/Print.framework/Versions/A/Print
0x0000000007605000 	/System/Library/Frameworks/Carbon.framework/Versions/A/Frameworks/SecurityHI.framework/Versions/A/SecurityHI
0x00000001017fa000 	/Library/Java/JavaVirtualMachines/jdk1.7.0_51.jdk/Contents/Home/jre/lib/libdt_socket.dylib
0x000000010af3e000 	/Library/Java/JavaVirtualMachines/jdk1.7.0_51.jdk/Contents/Home/jre/lib/libawt.dylib
0x000000010afed000 	/Library/Java/JavaVirtualMachines/jdk1.7.0_51.jdk/Contents/Home/jre/lib/./libmlib_image.dylib
0x000000010b0b9000 	/Library/Java/JavaVirtualMachines/jdk1.7.0_51.jdk/Contents/Home/jre/lib/lwawt/liblwawt.dylib
0x000000010b16d000 	/Library/Java/JavaVirtualMachines/jdk1.7.0_51.jdk/Contents/Home/jre/lib/libosxapp.dylib
0x0000000007605000 	/System/Library/Frameworks/ExceptionHandling.framework/Versions/A/ExceptionHandling
0x0000000007605000 	/System/Library/PrivateFrameworks/CoreServicesInternal.framework/Versions/A/CoreServicesInternal
0x0000000007605000 	/System/Library/PrivateFrameworks/CloudDocs.framework/Versions/A/CloudDocs
0x0000000007605000 	/System/Library/PrivateFrameworks/CoreDuet.framework/Versions/A/CoreDuet
0x0000000007605000 	/System/Library/Frameworks/CloudKit.framework/Versions/A/CloudKit
0x0000000007605000 	/System/Library/PrivateFrameworks/ProtocolBuffer.framework/Versions/A/ProtocolBuffer
0x0000000007605000 	/System/Library/PrivateFrameworks/CoreDuetDaemonProtocol.framework/Versions/A/CoreDuetDaemonProtocol
0x0000000007605000 	/System/Library/PrivateFrameworks/CoreDuetDebugLogging.framework/Versions/A/CoreDuetDebugLogging
0x0000000007605000 	/System/Library/Frameworks/CoreLocation.framework/Versions/A/CoreLocation
0x0000000007605000 	/System/Library/Frameworks/Accounts.framework/Versions/A/Accounts
0x0000000007605000 	/System/Library/PrivateFrameworks/ApplePushService.framework/Versions/A/ApplePushService
0x0000000007605000 	/System/Library/PrivateFrameworks/GeoServices.framework/Versions/A/GeoServices
0x0000000007605000 	/System/Library/PrivateFrameworks/OAuth.framework/Versions/A/OAuth
0x0000000007605000 	/System/Library/PrivateFrameworks/CoreDaemon.framework/Versions/B/CoreDaemon
0x0000000007605000 	/usr/lib/libcrypto.0.9.8.dylib
0x0000000007605000 	/System/Library/PrivateFrameworks/AppleSRP.framework/Versions/A/AppleSRP
0x0000000007605000 	/System/Library/PrivateFrameworks/TrustEvaluationAgent.framework/Versions/A/TrustEvaluationAgent
0x0000000007605000 	/System/Library/Frameworks/CoreGraphics.framework/Versions/A/Resources/libCGCMS.A.dylib
0x0000000007605000 	/System/Library/Frameworks/CoreGraphics.framework/Versions/A/Resources/libRIP.A.dylib
0x0000000007605000 	/System/Library/Frameworks/CoreGraphics.framework/Versions/A/Resources/libCGXType.A.dylib
0x0000000007605000 	/System/Library/Frameworks/OpenCL.framework/Versions/A/Libraries/libcldcpuengine.dylib
0x0000000007605000 	/System/Library/PrivateFrameworks/DiskImages.framework/Versions/A/DiskImages
0x0000000007605000 	/System/Library/Frameworks/DiscRecording.framework/Versions/A/DiscRecording
0x0000000007605000 	/usr/lib/libcsfde.dylib
0x0000000007605000 	/usr/lib/libcurl.4.dylib
0x0000000007605000 	/System/Library/PrivateFrameworks/MediaKit.framework/Versions/A/MediaKit
0x0000000007605000 	/System/Library/PrivateFrameworks/ProtectedCloudStorage.framework/Versions/A/ProtectedCloudStorage
0x0000000007605000 	/usr/lib/libCoreStorage.dylib
0x0000000007605000 	/System/Library/PrivateFrameworks/EFILogin.framework/Versions/A/EFILogin
0x0000000007605000 	/usr/lib/libutil.dylib
0x0000000007605000 	/System/Library/PrivateFrameworks/FindMyDevice.framework/Versions/A/FindMyDevice
0x0000000007605000 	/System/Library/Frameworks/LDAP.framework/Versions/A/LDAP
0x0000000007605000 	/usr/lib/libsasl2.2.dylib
0x000000010dfe6000 	cl_kernels
0x000000010dfe8000 	/System/Library/Frameworks/OpenCL.framework/Versions/A/Libraries/ImageFormats/unorm8_bgra.dylib
0x000000010dfd8000 	cl_kernels
0x0000000007605000 	/System/Library/PrivateFrameworks/FamilyControls.framework/Versions/A/FamilyControls
0x0000000007605000 	/System/Library/PrivateFrameworks/CommerceKit.framework/Versions/A/Frameworks/CommerceCore.framework/Versions/A/CommerceCore
0x0000000007605000 	/System/Library/PrivateFrameworks/SystemAdministration.framework/Versions/A/SystemAdministration
0x0000000007605000 	/System/Library/PrivateFrameworks/AppContainer.framework/Versions/A/AppContainer
0x0000000007605000 	/System/Library/PrivateFrameworks/SecCodeWrapper.framework/Versions/A/SecCodeWrapper
0x0000000007605000 	/System/Library/Frameworks/DirectoryService.framework/Versions/A/DirectoryService
0x0000000007605000 	/System/Library/PrivateFrameworks/LoginUIKit.framework/Versions/A/Frameworks/LoginUICore.framework/Versions/A/LoginUICore
0x0000000007605000 	/usr/lib/libodfde.dylib
0x000000010f220000 	/Library/Java/JavaVirtualMachines/jdk1.7.0_51.jdk/Contents/Home/jre/lib/libfontmanager.dylib
0x000000010f2fc000 	/Library/Java/JavaVirtualMachines/jdk1.7.0_51.jdk/Contents/Home/jre/lib/libosx.dylib
0x000000010f437000 	/Library/Java/JavaVirtualMachines/jdk1.7.0_51.jdk/Contents/Home/jre/lib/libnio.dylib
0x000000010f506000 	/Library/Java/JavaVirtualMachines/jdk1.7.0_51.jdk/Contents/Home/jre/lib/./libnet.dylib
0x000000010f563000 	/Library/Java/JavaVirtualMachines/jdk1.7.0_51.jdk/Contents/Home/jre/lib/libsunec.dylib

VM Arguments:
jvm_args: -agentlib:jdwp=transport=dt_socket,suspend=y,address=localhost:56425 -Ddatastore.default_high_rep_job_policy_unapplied_job_pct=50 -Xmx512m -javaagent:/Developer/EclipseKepler/plugins/com.google.appengine.eclipse.sdkbundle_1.9.5/appengine-java-sdk-1.9.5/lib/agent/appengine-agent.jar -Xbootclasspath/p:/Developer/EclipseKepler/plugins/com.google.appengine.eclipse.sdkbundle_1.9.5/appengine-java-sdk-1.9.5/lib/override/appengine-dev-jdk-overrides.jar -Dfile.encoding=US-ASCII 
java_command: com.google.appengine.tools.development.DevAppServerMain --port=8888 /Users/michael/Documents/workspace/BooksIntoApps/war
Launcher Type: SUN_STANDARD

Environment Variables:
PATH=/usr/bin:/bin:/usr/sbin:/sbin
SHELL=/bin/bash

Signal Handlers:
SIGSEGV: [libjvm.dylib+0x525425], sa_mask[0]=0xfffefeff, sa_flags=0x00000043
SIGBUS: [libjvm.dylib+0x525425], sa_mask[0]=0xfffefeff, sa_flags=0x00000042
SIGFPE: [libjvm.dylib+0x41892a], sa_mask[0]=0xfffefeff, sa_flags=0x00000042
SIGPIPE: [libjvm.dylib+0x41892a], sa_mask[0]=0xfffefeff, sa_flags=0x00000042
SIGXFSZ: [libjvm.dylib+0x41892a], sa_mask[0]=0xfffefeff, sa_flags=0x00000042
SIGILL: [libjvm.dylib+0x41892a], sa_mask[0]=0xfffefeff, sa_flags=0x00000042
SIGUSR1: SIG_DFL, sa_mask[0]=0x00000000, sa_flags=0x00000000
SIGUSR2: [libjvm.dylib+0x41841c], sa_mask[0]=0x00000004, sa_flags=0x00000042
SIGHUP: [libjvm.dylib+0x4166ab], sa_mask[0]=0xfffefeff, sa_flags=0x00000042
SIGINT: [libjvm.dylib+0x4166ab], sa_mask[0]=0xfffefeff, sa_flags=0x00000042
SIGTERM: [libjvm.dylib+0x4166ab], sa_mask[0]=0xfffefeff, sa_flags=0x00000042
SIGQUIT: [libjvm.dylib+0x4166ab], sa_mask[0]=0xfffefeff, sa_flags=0x00000042


---------------  S Y S T E M  ---------------

OS:Bsduname:Darwin 14.0.0 Darwin Kernel Version 14.0.0: Fri Sep 19 00:26:44 PDT 2014; root:xnu-2782.1.97~2/RELEASE_X86_64 x86_64
rlimit: STACK 8192k, CORE 0k, NPROC 709, NOFILE 10240, AS infinity
load average:2.41 2.31 2.06

CPU:total 4 (2 cores per cpu, 2 threads per core) family 6 model 58 stepping 9, cmov, cx8, fxsr, mmx, sse, sse2, sse3, ssse3, sse4.1, sse4.2, popcnt, avx, aes, erms, ht, tsc, tscinvbit, tscinv

Memory: 4k page, physical 8388608k(2097152k free)

/proc/meminfo:


vm_info: Java HotSpot(TM) 64-Bit Server VM (24.51-b03) for bsd-amd64 JRE (1.7.0_51-b13), built on Dec 18 2013 18:45:56 by "java_re" with gcc 4.2.1 (Based on Apple Inc. build 5658) (LLVM build 2336.11.00)

time: Tue Oct 21 19:57:24 2014
elapsed time: 76 seconds

